Compiling the CXX compiler identification source file "CMakeCXXCompilerId.cpp" failed.
Compiler: CMAKE_CXX_COMPILER-NOTFOUND 
Build flags: 
Id flags:  

The output was:
No such file or directory


Compiling the CXX compiler identification source file "CMakeCXXCompilerId.cpp" failed.
Compiler: CMAKE_CXX_COMPILER-NOTFOUND 
Build flags: 
Id flags: -c 

The output was:
No such file or directory


Compiling the CXX compiler identification source file "CMakeCXXCompilerId.cpp" failed.
Compiler: CMAKE_CXX_COMPILER-NOTFOUND 
Build flags: 
Id flags: --c++ 

The output was:
No such file or directory


Compiling the CXX compiler identification source file "CMakeCXXCompilerId.cpp" failed.
Compiler: CMAKE_CXX_COMPILER-NOTFOUND 
Build flags: 
Id flags: --ec++ 

The output was:
No such file or directory


Compiling the CXX compiler identification source file "CMakeCXXCompilerId.cpp" failed.
Compiler: CMAKE_CXX_COMPILER-NOTFOUND 
Build flags: 
Id flags: --target=arm-arm-none-eabi;-mcpu=cortex-m3 

The output was:
No such file or directory


Compiling the CXX compiler identification source file "CMakeCXXCompilerId.cpp" failed.
Compiler: CMAKE_CXX_COMPILER-NOTFOUND 
Build flags: 
Id flags:  

The output was:
No such file or directory


Compiling the CXX compiler identification source file "CMakeCXXCompilerId.cpp" failed.
Compiler: CMAKE_CXX_COMPILER-NOTFOUND 
Build flags: 
Id flags: -c 

The output was:
No such file or directory


Compiling the CXX compiler identification source file "CMakeCXXCompilerId.cpp" failed.
Compiler: CMAKE_CXX_COMPILER-NOTFOUND 
Build flags: 
Id flags: --c++ 

The output was:
No such file or directory


Compiling the CXX compiler identification source file "CMakeCXXCompilerId.cpp" failed.
Compiler: CMAKE_CXX_COMPILER-NOTFOUND 
Build flags: 
Id flags: --ec++ 

The output was:
No such file or directory


Compiling the CXX compiler identification source file "CMakeCXXCompilerId.cpp" failed.
Compiler: CMAKE_CXX_COMPILER-NOTFOUND 
Build flags: 
Id flags: --target=arm-arm-none-eabi;-mcpu=cortex-m3 

The output was:
No such file or directory


Performing C SOURCE FILE Test CMAKE_HAVE_LIBC_PTHREAD failed with the following output:
Change Dir: /mnt/c/Users/26471/Desktop/leetcode/build/CMakeFiles/CMakeTmp

Run Build Command(s):/usr/bin/make cmTC_5de93/fast && make: Warning: File 'Makefile' has modification time 0.13 s in the future
/usr/bin/make -f CMakeFiles/cmTC_5de93.dir/build.make CMakeFiles/cmTC_5de93.dir/build
make[1]: Entering directory '/mnt/c/Users/26471/Desktop/leetcode/build/CMakeFiles/CMakeTmp'
make[1]: Warning: File 'CMakeFiles/cmTC_5de93.dir/flags.make' has modification time 0.075 s in the future
Building C object CMakeFiles/cmTC_5de93.dir/src.c.o
/bin/x86_64-linux-gnu-gcc-9   -DCMAKE_HAVE_LIBC_PTHREAD   -o CMakeFiles/cmTC_5de93.dir/src.c.o   -c /mnt/c/Users/26471/Desktop/leetcode/build/CMakeFiles/CMakeTmp/src.c
Linking C executable cmTC_5de93
/usr/bin/cmake -E cmake_link_script CMakeFiles/cmTC_5de93.dir/link.txt --verbose=1
/bin/x86_64-linux-gnu-gcc-9  -DCMAKE_HAVE_LIBC_PTHREAD    CMakeFiles/cmTC_5de93.dir/src.c.o  -o cmTC_5de93 
/usr/bin/ld: CMakeFiles/cmTC_5de93.dir/src.c.o: in function `main':
src.c:(.text+0x46): undefined reference to `pthread_create'
/usr/bin/ld: src.c:(.text+0x52): undefined reference to `pthread_detach'
/usr/bin/ld: src.c:(.text+0x63): undefined reference to `pthread_join'
collect2: error: ld returned 1 exit status
make[1]: *** [CMakeFiles/cmTC_5de93.dir/build.make:87: cmTC_5de93] Error 1
make[1]: Leaving directory '/mnt/c/Users/26471/Desktop/leetcode/build/CMakeFiles/CMakeTmp'
make: *** [Makefile:121: cmTC_5de93/fast] Error 2


Source file was:
#include <pthread.h>

void* test_func(void* data)
{
  return data;
}

int main(void)
{
  pthread_t thread;
  pthread_create(&thread, NULL, test_func, NULL);
  pthread_detach(thread);
  pthread_join(thread, NULL);
  pthread_atfork(NULL, NULL, NULL);
  pthread_exit(NULL);

  return 0;
}

Determining if the function pthread_create exists in the pthreads failed with the following output:
Change Dir: /mnt/c/Users/26471/Desktop/leetcode/build/CMakeFiles/CMakeTmp

Run Build Command(s):/usr/bin/make cmTC_40b95/fast && make: Warning: File 'Makefile' has modification time 0.12 s in the future
/usr/bin/make -f CMakeFiles/cmTC_40b95.dir/build.make CMakeFiles/cmTC_40b95.dir/build
make[1]: Entering directory '/mnt/c/Users/26471/Desktop/leetcode/build/CMakeFiles/CMakeTmp'
make[1]: Warning: File 'CMakeFiles/cmTC_40b95.dir/flags.make' has modification time 0.074 s in the future
Building C object CMakeFiles/cmTC_40b95.dir/CheckFunctionExists.c.o
/bin/x86_64-linux-gnu-gcc-9   -DCHECK_FUNCTION_EXISTS=pthread_create   -o CMakeFiles/cmTC_40b95.dir/CheckFunctionExists.c.o   -c /usr/share/cmake-3.16/Modules/CheckFunctionExists.c
Linking C executable cmTC_40b95
/usr/bin/cmake -E cmake_link_script CMakeFiles/cmTC_40b95.dir/link.txt --verbose=1
/bin/x86_64-linux-gnu-gcc-9  -DCHECK_FUNCTION_EXISTS=pthread_create    CMakeFiles/cmTC_40b95.dir/CheckFunctionExists.c.o  -o cmTC_40b95  -lpthreads 
/usr/bin/ld: cannot find -lpthreads
collect2: error: ld returned 1 exit status
make[1]: *** [CMakeFiles/cmTC_40b95.dir/build.make:87: cmTC_40b95] Error 1
make[1]: Leaving directory '/mnt/c/Users/26471/Desktop/leetcode/build/CMakeFiles/CMakeTmp'
make: *** [Makefile:121: cmTC_40b95/fast] Error 2



